<?xml version="1.0" encoding="UTF-8"?>
<testng-results skipped="0" failed="0" ignored="0" total="1" passed="1">
  <reporter-output>
  </reporter-output>
  <suite name="BDD Test Suite" duration-ms="67396" started-at="2021-04-08T09:05:17Z" finished-at="2021-04-08T09:06:24Z">
    <groups>
      <group name="cucumber">
        <method signature="TestRunner.feature(cucumber.api.testng.CucumberFeatureWrapper)[pri:0, instance:MyRunner.TestRunner@6276ae34]" name="feature" class="MyRunner.TestRunner"/>
      </group> <!-- cucumber -->
    </groups>
    <test name="FREE CRM Test" duration-ms="67396" started-at="2021-04-08T09:05:17Z" finished-at="2021-04-08T09:06:24Z">
      <class name="MyRunner.TestRunner">
        <test-method status="PASS" signature="setUpClass()[pri:0, instance:MyRunner.TestRunner@6276ae34]" name="setUpClass" is-config="true" duration-ms="471" started-at="2021-04-08T09:05:17Z" finished-at="2021-04-08T09:05:17Z">
          <reporter-output>
          </reporter-output>
        </test-method> <!-- setUpClass -->
        <test-method status="PASS" signature="feature(cucumber.api.testng.CucumberFeatureWrapper)[pri:0, instance:MyRunner.TestRunner@6276ae34]" name="feature" duration-ms="66816" started-at="2021-04-08T09:05:17Z" description="Runs Cucumber Feature" data-provider="features" finished-at="2021-04-08T09:06:24Z">
          <params>
            <param index="0">
              <value>
                <![CDATA[Free CRM Login Feature]]>
              </value>
            </param>
          </params>
          <reporter-output>
          </reporter-output>
        </test-method> <!-- feature -->
        <test-method status="PASS" signature="tearDownClass()[pri:0, instance:MyRunner.TestRunner@6276ae34]" name="tearDownClass" is-config="true" duration-ms="34" started-at="2021-04-08T09:06:24Z" finished-at="2021-04-08T09:06:24Z">
          <reporter-output>
          </reporter-output>
        </test-method> <!-- tearDownClass -->
      </class> <!-- MyRunner.TestRunner -->
    </test> <!-- FREE CRM Test -->
  </suite> <!-- BDD Test Suite -->
</testng-results>
